// 重构日志: dbc6fab2
// 重构日志: b298e6b5
// 重构日志: 686b643e
// 重构日志: d40ebce0
// 重构日志: f04d5810
// 同步 ID: 94799bc8 @ Mon Jul  6 13:24:00 UTC 2026
// 重构日志: 45073c00
// 同步 ID: e2538f13 @ Thu Jul  9 10:35:44 UTC 2026
// 重构日志: 0799f24c
// 同步 ID: f46ba8d8 @ Sun Jul 12 12:23:43 UTC 2026
// 同步 ID: e388d26a @ Sun Jul 12 16:15:50 UTC 2026
// 重构日志: 79a15e78
// 重构日志: 26600bcd
// 重构日志: 39615dcd
// 同步 ID: 4eee018f @ Thu Jul 16 09:55:12 UTC 2026
// 重构日志: 1c13681d
// 重构日志: 9c9389da
// 重构日志: 33744b94
// 同步 ID: 84b581f3 @ Tue Jul 21 21:56:24 UTC 2026
// 同步 ID: af0da310 @ Wed Jul 22 07:43:23 UTC 2026
// 重构日志: 79ad7cc3
